<?xml version="1.0" encoding="UTF-8"?>
<!-- Generated by org.testng.reporters.JUnitXMLReporter -->
<testsuite hostname="DESKTOP-SLCEEL0" ignored="3" name="Default test" tests="1" failures="0" timestamp="2021-11-01T22:47:21 IST" time="0.093" errors="0">
  <testcase name="repeatedProgram" time="0.03" classname="com.testng.TestNGFramework.Task"/>
  <testcase name="armstrongNumber" time="0.0" classname="com.testng.TestNGFramework.Task">
    <ignored/>
  </testcase> <!-- armstrongNumber -->
  <testcase name="fibannociSeries" time="0.0" classname="com.testng.TestNGFramework.Task">
    <ignored/>
  </testcase> <!-- fibannociSeries -->
  <testcase name="factorialNumber" time="0.0" classname="com.testng.TestNGFramework.Task">
    <ignored/>
  </testcase> <!-- factorialNumber -->
</testsuite> <!-- Default test -->
